# JRE version: OpenJDK Runtime Environment (19.0.1+10) (build 19.0.1+10-21)
# Java VM: OpenJDK 64-Bit Server VM (19.0.1+10-21, mixed mode, sharing, tiered, compressed oops, compressed class ptrs, g1 gc, windows-amd64)
GC Precious Log:
 CardTable entry size: 512
 Card Set container configuration: InlinePtr #cards 5 size 8 Array Of Cards #cards 12 size 40 Howl #buckets 4 coarsen threshold 1843 Howl Bitmap #cards 512 size 80 coarsen threshold 460 Card regions per heap region 1 cards per card region 2048
 CPUs: 4 total, 4 available
 Memory: 8109M
 Large Page Support: Disabled
 NUMA Support: Disabled
 Compressed Oops: Enabled (32-bit)
 Heap Region Size: 1M
 Heap Min Capacity: 8M
 Heap Initial Capacity: 128M
 Heap Max Capacity: 2028M
 Pre-touch: Disabled
 Parallel Workers: 4
 Concurrent Workers: 1
 Concurrent Refinement Workers: 4
 Periodic GC: Disabled
Heap:
 garbage-first heap   total 393216K, used 180224K [0x0000000081400000, 0x0000000100000000)
  region size 1024K, 5 young (5120K), 5 survivors (5120K)
 Metaspace       used 1189K, committed 1344K, reserved 1114112K
  class space    used 91K, committed 192K, reserved 1048576K
GC Heap History (17 events):
Event: 0.258 GC heap before
{Heap before GC invocations=0 (full 0):
 garbage-first heap   total 131072K, used 13312K [0x0000000081400000, 0x0000000100000000)
  region size 1024K, 13 young (13312K), 0 survivors (0K)
 Metaspace       used 658K, committed 832K, reserved 1114112K
  class space    used 42K, committed 128K, reserved 1048576K
}
Event: 0.314 GC heap after
{Heap after GC invocations=1 (full 0):
 garbage-first heap   total 131072K, used 11541K [0x0000000081400000, 0x0000000100000000)
  region size 1024K, 2 young (2048K), 2 survivors (2048K)
 Metaspace       used 658K, committed 832K, reserved 1114112K
  class space    used 42K, committed 128K, reserved 1048576K
}
Event: 0.318 GC heap before
{Heap before GC invocations=1 (full 0):
 garbage-first heap   total 131072K, used 18709K [0x0000000081400000, 0x0000000100000000)
  region size 1024K, 9 young (9216K), 2 survivors (2048K)
 Metaspace       used 673K, committed 832K, reserved 1114112K
  class space    used 45K, committed 128K, reserved 1048576K
}
Event: 0.344 GC heap after
{Heap after GC invocations=2 (full 0):
 garbage-first heap   total 131072K, used 18944K [0x0000000081400000, 0x0000000100000000)
  region size 1024K, 2 young (2048K), 2 survivors (2048K)
 Metaspace       used 673K, committed 832K, reserved 1114112K
  class space    used 45K, committed 128K, reserved 1048576K
}
Event: 0.351 GC heap before
{Heap before GC invocations=2 (full 0):
 garbage-first heap   total 131072K, used 30208K [0x0000000081400000, 0x0000000100000000)
  region size 1024K, 13 young (13312K), 2 survivors (2048K)
 Metaspace       used 714K, committed 832K, reserved 1114112K
  class space    used 52K, committed 128K, reserved 1048576K
}
Event: 0.393 GC heap after
{Heap after GC invocations=3 (full 0):
 garbage-first heap   total 131072K, used 30703K [0x0000000081400000, 0x0000000100000000)
  region size 1024K, 2 young (2048K), 2 survivors (2048K)
 Metaspace       used 714K, committed 832K, reserved 1114112K
  class space    used 52K, committed 128K, reserved 1048576K
}
Event: 0.407 GC heap before
{Heap before GC invocations=3 (full 0):
 garbage-first heap   total 131072K, used 47087K [0x0000000081400000, 0x0000000100000000)
  region size 1024K, 18 young (18432K), 2 survivors (2048K)
 Metaspace       used 790K, committed 896K, reserved 1114112K
  class space    used 60K, committed 128K, reserved 1048576K
}
Event: 0.476 GC heap after
{Heap after GC invocations=4 (full 0):
 garbage-first heap   total 131072K, used 47616K [0x0000000081400000, 0x0000000100000000)
  region size 1024K, 3 young (3072K), 3 survivors (3072K)
 Metaspace       used 790K, committed 896K, reserved 1114112K
  class space    used 60K, committed 128K, reserved 1048576K
}
Event: 0.489 GC heap before
{Heap before GC invocations=4 (full 0):
 garbage-first heap   total 131072K, used 67072K [0x0000000081400000, 0x0000000100000000)
  region size 1024K, 22 young (22528K), 3 survivors (3072K)
 Metaspace       used 790K, committed 896K, reserved 1114112K
  class space    used 60K, committed 128K, reserved 1048576K
}
Event: 0.580 GC heap after
{Heap after GC invocations=5 (full 0):
 garbage-first heap   total 393216K, used 67584K [0x0000000081400000, 0x0000000100000000)
  region size 1024K, 3 young (3072K), 3 survivors (3072K)
 Metaspace       used 790K, committed 896K, reserved 1114112K
  class space    used 60K, committed 128K, reserved 1048576K
}
Event: 0.608 GC heap before
{Heap before GC invocations=5 (full 0):
 garbage-first heap   total 393216K, used 89088K [0x0000000081400000, 0x0000000100000000)
  region size 1024K, 24 young (24576K), 3 survivors (3072K)
 Metaspace       used 790K, committed 896K, reserved 1114112K
  class space    used 60K, committed 128K, reserved 1048576K
}
Event: 0.691 GC heap after
{Heap after GC invocations=6 (full 0):
 garbage-first heap   total 393216K, used 89600K [0x0000000081400000, 0x0000000100000000)
  region size 1024K, 3 young (3072K), 3 survivors (3072K)
 Metaspace       used 790K, committed 896K, reserved 1114112K
  class space    used 60K, committed 128K, reserved 1048576K
}
Event: 0.713 GC heap before
{Heap before GC invocations=6 (full 0):
 garbage-first heap   total 393216K, used 115200K [0x0000000081400000, 0x0000000100000000)
  region size 1024K, 28 young (28672K), 3 survivors (3072K)
 Metaspace       used 790K, committed 896K, reserved 1114112K
  class space    used 60K, committed 128K, reserved 1048576K
}
Event: 0.821 GC heap after
{Heap after GC invocations=7 (full 0):
 garbage-first heap   total 393216K, used 115712K [0x0000000081400000, 0x0000000100000000)
  region size 1024K, 4 young (4096K), 4 survivors (4096K)
 Metaspace       used 790K, committed 896K, reserved 1114112K
  class space    used 60K, committed 128K, reserved 1048576K
}
Event: 0.890 GC heap before
{Heap before GC invocations=7 (full 0):
 garbage-first heap   total 393216K, used 145408K [0x0000000081400000, 0x0000000100000000)
  region size 1024K, 33 young (33792K), 4 survivors (4096K)
 Metaspace       used 1000K, committed 1152K, reserved 1114112K
  class space    used 76K, committed 192K, reserved 1048576K
}
Event: 1.003 GC heap after
{Heap after GC invocations=8 (full 0):
 garbage-first heap   total 393216K, used 146432K [0x0000000081400000, 0x0000000100000000)
  region size 1024K, 5 young (5120K), 5 survivors (5120K)
 Metaspace       used 1000K, committed 1152K, reserved 1114112K
  class space    used 76K, committed 192K, reserved 1048576K
}
Event: 1.067 GC heap before
{Heap before GC invocations=8 (full 0):
 garbage-first heap   total 393216K, used 180224K [0x0000000081400000, 0x0000000100000000)
  region size 1024K, 38 young (38912K), 5 survivors (5120K)
 Metaspace       used 1189K, committed 1344K, reserved 1114112K
  class space    used 91K, committed 192K, reserved 1048576K
}

