# JRE version: OpenJDK Runtime Environment (19.0.1+10) (build 19.0.1+10-21)
# Java VM: OpenJDK 64-Bit Server VM (19.0.1+10-21, mixed mode, sharing, tiered, compressed oops, compressed class ptrs, g1 gc, windows-amd64)
GC Precious Log:
 CardTable entry size: 512
 Card Set container configuration: InlinePtr #cards 5 size 8 Array Of Cards #cards 12 size 40 Howl #buckets 4 coarsen threshold 1843 Howl Bitmap #cards 512 size 80 coarsen threshold 460 Card regions per heap region 1 cards per card region 2048
 CPUs: 4 total, 4 available
 Memory: 8109M
 Large Page Support: Disabled
 NUMA Support: Disabled
 Compressed Oops: Enabled (32-bit)
 Heap Region Size: 1M
 Heap Min Capacity: 8M
 Heap Initial Capacity: 128M
 Heap Max Capacity: 2028M
 Pre-touch: Disabled
 Parallel Workers: 4
 Concurrent Workers: 1
 Concurrent Refinement Workers: 4
 Periodic GC: Disabled
Heap:
 garbage-first heap   total 393216K, used 178176K [0x0000000081400000, 0x0000000100000000)
  region size 1024K, 5 young (5120K), 5 survivors (5120K)
 Metaspace       used 790K, committed 896K, reserved 1114112K
  class space    used 60K, committed 128K, reserved 1048576K
GC Heap History (17 events):
Event: 0.305 GC heap before
{Heap before GC invocations=0 (full 0):
 garbage-first heap   total 131072K, used 13312K [0x0000000081400000, 0x0000000100000000)
  region size 1024K, 13 young (13312K), 0 survivors (0K)
 Metaspace       used 672K, committed 832K, reserved 1114112K
  class space    used 44K, committed 128K, reserved 1048576K
}
Event: 0.345 GC heap after
{Heap after GC invocations=1 (full 0):
 garbage-first heap   total 131072K, used 11552K [0x0000000081400000, 0x0000000100000000)
  region size 1024K, 2 young (2048K), 2 survivors (2048K)
 Metaspace       used 672K, committed 832K, reserved 1114112K
  class space    used 44K, committed 128K, reserved 1048576K
}
Event: 0.350 GC heap before
{Heap before GC invocations=1 (full 0):
 garbage-first heap   total 131072K, used 18720K [0x0000000081400000, 0x0000000100000000)
  region size 1024K, 9 young (9216K), 2 survivors (2048K)
 Metaspace       used 709K, committed 832K, reserved 1114112K
  class space    used 52K, committed 128K, reserved 1048576K
}
Event: 0.377 GC heap after
{Heap after GC invocations=2 (full 0):
 garbage-first heap   total 131072K, used 18944K [0x0000000081400000, 0x0000000100000000)
  region size 1024K, 2 young (2048K), 2 survivors (2048K)
 Metaspace       used 709K, committed 832K, reserved 1114112K
  class space    used 52K, committed 128K, reserved 1048576K
}
Event: 0.386 GC heap before
{Heap before GC invocations=2 (full 0):
 garbage-first heap   total 131072K, used 30208K [0x0000000081400000, 0x0000000100000000)
  region size 1024K, 13 young (13312K), 2 survivors (2048K)
 Metaspace       used 790K, committed 896K, reserved 1114112K
  class space    used 60K, committed 128K, reserved 1048576K
}
Event: 0.434 GC heap after
{Heap after GC invocations=3 (full 0):
 garbage-first heap   total 131072K, used 30720K [0x0000000081400000, 0x0000000100000000)
  region size 1024K, 2 young (2048K), 2 survivors (2048K)
 Metaspace       used 790K, committed 896K, reserved 1114112K
  class space    used 60K, committed 128K, reserved 1048576K
}
Event: 0.449 GC heap before
{Heap before GC invocations=3 (full 0):
 garbage-first heap   total 131072K, used 47104K [0x0000000081400000, 0x0000000100000000)
  region size 1024K, 18 young (18432K), 2 survivors (2048K)
 Metaspace       used 790K, committed 896K, reserved 1114112K
  class space    used 60K, committed 128K, reserved 1048576K
}
Event: 0.515 GC heap after
{Heap after GC invocations=4 (full 0):
 garbage-first heap   total 131072K, used 47616K [0x0000000081400000, 0x0000000100000000)
  region size 1024K, 3 young (3072K), 3 survivors (3072K)
 Metaspace       used 790K, committed 896K, reserved 1114112K
  class space    used 60K, committed 128K, reserved 1048576K
}
Event: 0.531 GC heap before
{Heap before GC invocations=4 (full 0):
 garbage-first heap   total 131072K, used 67072K [0x0000000081400000, 0x0000000100000000)
  region size 1024K, 22 young (22528K), 3 survivors (3072K)
 Metaspace       used 790K, committed 896K, reserved 1114112K
  class space    used 60K, committed 128K, reserved 1048576K
}
Event: 0.627 GC heap after
{Heap after GC invocations=5 (full 0):
 garbage-first heap   total 393216K, used 67584K [0x0000000081400000, 0x0000000100000000)
  region size 1024K, 3 young (3072K), 3 survivors (3072K)
 Metaspace       used 790K, committed 896K, reserved 1114112K
  class space    used 60K, committed 128K, reserved 1048576K
}
Event: 0.659 GC heap before
{Heap before GC invocations=5 (full 0):
 garbage-first heap   total 393216K, used 89088K [0x0000000081400000, 0x0000000100000000)
  region size 1024K, 24 young (24576K), 3 survivors (3072K)
 Metaspace       used 790K, committed 896K, reserved 1114112K
  class space    used 60K, committed 128K, reserved 1048576K
}
Event: 0.758 GC heap after
{Heap after GC invocations=6 (full 0):
 garbage-first heap   total 393216K, used 90112K [0x0000000081400000, 0x0000000100000000)
  region size 1024K, 3 young (3072K), 3 survivors (3072K)
 Metaspace       used 790K, committed 896K, reserved 1114112K
  class space    used 60K, committed 128K, reserved 1048576K
}
Event: 0.780 GC heap before
{Heap before GC invocations=6 (full 0):
 garbage-first heap   total 393216K, used 115712K [0x0000000081400000, 0x0000000100000000)
  region size 1024K, 28 young (28672K), 3 survivors (3072K)
 Metaspace       used 790K, committed 896K, reserved 1114112K
  class space    used 60K, committed 128K, reserved 1048576K
}
Event: 0.900 GC heap after
{Heap after GC invocations=7 (full 0):
 garbage-first heap   total 393216K, used 116224K [0x0000000081400000, 0x0000000100000000)
  region size 1024K, 4 young (4096K), 4 survivors (4096K)
 Metaspace       used 790K, committed 896K, reserved 1114112K
  class space    used 60K, committed 128K, reserved 1048576K
}
Event: 0.935 GC heap before
{Heap before GC invocations=7 (full 0):
 garbage-first heap   total 393216K, used 144896K [0x0000000081400000, 0x0000000100000000)
  region size 1024K, 32 young (32768K), 4 survivors (4096K)
 Metaspace       used 790K, committed 896K, reserved 1114112K
  class space    used 60K, committed 128K, reserved 1048576K
}
Event: 1.064 GC heap after
{Heap after GC invocations=8 (full 0):
 garbage-first heap   total 393216K, used 145408K [0x0000000081400000, 0x0000000100000000)
  region size 1024K, 4 young (4096K), 4 survivors (4096K)
 Metaspace       used 790K, committed 896K, reserved 1114112K
  class space    used 60K, committed 128K, reserved 1048576K
}
Event: 1.091 GC heap before
{Heap before GC invocations=8 (full 0):
 garbage-first heap   total 393216K, used 177152K [0x0000000081400000, 0x0000000100000000)
  region size 1024K, 35 young (35840K), 4 survivors (4096K)
 Metaspace       used 790K, committed 896K, reserved 1114112K
  class space    used 60K, committed 128K, reserved 1048576K
}

